build/app/intermediates/manifest_merge_blame_file/debug/manifest-merger-blame-debug-report.txt
1<?xml version="1.0" encoding="utf-8"?>
2<manifest xmlns:android="http://schemas.android.com/apk/res/android"
3    package="eu.araulin.devinci"
4    android:versionCode="1"
5    android:versionName="1.1.0" >
6
7    <uses-sdk
8        android:minSdkVersion="19"
9        android:targetSdkVersion="28" />
10    <!--
11         Flutter needs it to communicate with the running application
12         to allow setting breakpoints, to provide hot reload, etc.
13    -->
14    <uses-permission android:name="android.permission.INTERNET" />
14-->src\main\AndroidManifest.xml:9:10-71
14-->src\main\AndroidManifest.xml:9:27-69
15    <!-- storage permission are required to download and show user's documents -->
16    <uses-permission android:name="android.permission.READ_EXTERNAL_STORAGE" />
16-->src\main\AndroidManifest.xml:11:5-79
16-->src\main\AndroidManifest.xml:11:22-77
17    <uses-permission android:name="android.permission.WRITE_EXTERNAL_STORAGE" /> <!-- notification permissions -->
17-->src\main\AndroidManifest.xml:12:5-80
17-->src\main\AndroidManifest.xml:12:22-78
18    <uses-permission android:name="android.permission.RECEIVE_BOOT_COMPLETED" />
18-->src\main\AndroidManifest.xml:14:5-80
18-->src\main\AndroidManifest.xml:14:22-78
19    <uses-permission android:name="android.permission.REQUEST_INSTALL_PACKAGES" />
19-->[:ota_update] AndroidManifest.xml:7:5-83
19-->[:ota_update] AndroidManifest.xml:7:22-80
20    <uses-permission android:name="android.permission.ACCESS_NETWORK_STATE" />
20-->[:ota_update] AndroidManifest.xml:8:5-79
20-->[:ota_update] AndroidManifest.xml:8:22-76
21    <uses-permission android:name="android.permission.ACCESS_WIFI_STATE" />
21-->[:ota_update] AndroidManifest.xml:9:5-76
21-->[:ota_update] AndroidManifest.xml:9:22-73
22    <uses-permission android:name="android.permission.WAKE_LOCK" />
22-->[com.transistorsoft:tsbackgroundfetch:0.4.5] AndroidManifest.xml:12:5-68
22-->[com.transistorsoft:tsbackgroundfetch:0.4.5] AndroidManifest.xml:12:22-65
23    <uses-permission android:name="android.permission.GET_TASKS" /> <!-- for android -->
23-->[com.transistorsoft:tsbackgroundfetch:0.4.5] AndroidManifest.xml:13:5-68
23-->[com.transistorsoft:tsbackgroundfetch:0.4.5] AndroidManifest.xml:13:22-65
24    <!-- <uses-permission android:name="com.android.launcher.permission.READ_SETTINGS"/> -->
25    <!-- <uses-permission android:name="com.android.launcher.permission.WRITE_SETTINGS"/> -->
26    <!-- <uses-permission android:name="com.android.launcher.permission.INSTALL_SHORTCUT" /> -->
27    <!-- <uses-permission android:name="com.android.launcher.permission.UNINSTALL_SHORTCUT" /> -->
28    <!-- for Samsung -->
29    <uses-permission android:name="com.sec.android.provider.badge.permission.READ" />
29-->[me.leolin:ShortcutBadger:1.1.22] AndroidManifest.xml:19:5-86
29-->[me.leolin:ShortcutBadger:1.1.22] AndroidManifest.xml:19:22-83
30    <uses-permission android:name="com.sec.android.provider.badge.permission.WRITE" /> <!-- for htc -->
30-->[me.leolin:ShortcutBadger:1.1.22] AndroidManifest.xml:20:5-87
30-->[me.leolin:ShortcutBadger:1.1.22] AndroidManifest.xml:20:22-84
31    <uses-permission android:name="com.htc.launcher.permission.READ_SETTINGS" />
31-->[me.leolin:ShortcutBadger:1.1.22] AndroidManifest.xml:23:5-81
31-->[me.leolin:ShortcutBadger:1.1.22] AndroidManifest.xml:23:22-78
32    <uses-permission android:name="com.htc.launcher.permission.UPDATE_SHORTCUT" /> <!-- for sony -->
32-->[me.leolin:ShortcutBadger:1.1.22] AndroidManifest.xml:24:5-83
32-->[me.leolin:ShortcutBadger:1.1.22] AndroidManifest.xml:24:22-80
33    <uses-permission android:name="com.sonyericsson.home.permission.BROADCAST_BADGE" />
33-->[me.leolin:ShortcutBadger:1.1.22] AndroidManifest.xml:27:5-88
33-->[me.leolin:ShortcutBadger:1.1.22] AndroidManifest.xml:27:22-85
34    <uses-permission android:name="com.sonymobile.home.permission.PROVIDER_INSERT_BADGE" /> <!-- for apex -->
34-->[me.leolin:ShortcutBadger:1.1.22] AndroidManifest.xml:28:5-92
34-->[me.leolin:ShortcutBadger:1.1.22] AndroidManifest.xml:28:22-89
35    <uses-permission android:name="com.anddoes.launcher.permission.UPDATE_COUNT" /> <!-- for solid -->
35-->[me.leolin:ShortcutBadger:1.1.22] AndroidManifest.xml:31:5-84
35-->[me.leolin:ShortcutBadger:1.1.22] AndroidManifest.xml:31:22-81
36    <uses-permission android:name="com.majeur.launcher.permission.UPDATE_BADGE" /> <!-- for huawei -->
36-->[me.leolin:ShortcutBadger:1.1.22] AndroidManifest.xml:34:5-83
36-->[me.leolin:ShortcutBadger:1.1.22] AndroidManifest.xml:34:22-80
37    <uses-permission android:name="com.huawei.android.launcher.permission.CHANGE_BADGE" />
37-->[me.leolin:ShortcutBadger:1.1.22] AndroidManifest.xml:37:5-91
37-->[me.leolin:ShortcutBadger:1.1.22] AndroidManifest.xml:37:22-88
38    <uses-permission android:name="com.huawei.android.launcher.permission.READ_SETTINGS" />
38-->[me.leolin:ShortcutBadger:1.1.22] AndroidManifest.xml:38:5-92
38-->[me.leolin:ShortcutBadger:1.1.22] AndroidManifest.xml:38:22-89
39    <uses-permission android:name="com.huawei.android.launcher.permission.WRITE_SETTINGS" /> <!-- for ZUK -->
39-->[me.leolin:ShortcutBadger:1.1.22] AndroidManifest.xml:39:5-93
39-->[me.leolin:ShortcutBadger:1.1.22] AndroidManifest.xml:39:22-90
40    <uses-permission android:name="android.permission.READ_APP_BADGE" /> <!-- for OPPO -->
40-->[me.leolin:ShortcutBadger:1.1.22] AndroidManifest.xml:42:5-73
40-->[me.leolin:ShortcutBadger:1.1.22] AndroidManifest.xml:42:22-70
41    <uses-permission android:name="com.oppo.launcher.permission.READ_SETTINGS" />
41-->[me.leolin:ShortcutBadger:1.1.22] AndroidManifest.xml:45:5-82
41-->[me.leolin:ShortcutBadger:1.1.22] AndroidManifest.xml:45:22-79
42    <uses-permission android:name="com.oppo.launcher.permission.WRITE_SETTINGS" /> <!-- for EvMe -->
42-->[me.leolin:ShortcutBadger:1.1.22] AndroidManifest.xml:46:5-83
42-->[me.leolin:ShortcutBadger:1.1.22] AndroidManifest.xml:46:22-80
43    <uses-permission android:name="me.everything.badger.permission.BADGE_COUNT_READ" />
43-->[me.leolin:ShortcutBadger:1.1.22] AndroidManifest.xml:49:5-88
43-->[me.leolin:ShortcutBadger:1.1.22] AndroidManifest.xml:49:22-85
44    <uses-permission android:name="me.everything.badger.permission.BADGE_COUNT_WRITE" />
44-->[me.leolin:ShortcutBadger:1.1.22] AndroidManifest.xml:50:5-89
44-->[me.leolin:ShortcutBadger:1.1.22] AndroidManifest.xml:50:22-86
45
46    <application
46-->src\main\AndroidManifest.xml:15:5-72:19
47        android:name="io.flutter.app.FlutterApplication"
47-->src\main\AndroidManifest.xml:16:9-57
48        android:allowBackup="false"
48-->src\main\AndroidManifest.xml:19:9-36
49        android:appComponentFactory="androidx.core.app.CoreComponentFactory"
49-->[androidx.core:core:1.2.0] AndroidManifest.xml:24:18-86
50        android:debuggable="true"
51        android:fullBackupContent="false"
51-->src\main\AndroidManifest.xml:22:9-42
52        android:icon="@mipmap/ic_launcher"
52-->src\main\AndroidManifest.xml:18:9-43
53        android:label="devinci"
53-->src\main\AndroidManifest.xml:17:9-32
54        android:supportsRtl="true" >
54-->[com.github.myinnos:AppIconNameChanger:1.0.7] AndroidManifest.xml:14:9-35
55        <activity
55-->src\main\AndroidManifest.xml:23:9-51:20
56            android:name="eu.araulin.devinci.MainActivity"
56-->src\main\AndroidManifest.xml:24:13-41
57            android:configChanges="orientation|keyboardHidden|keyboard|screenSize|smallestScreenSize|locale|layoutDirection|fontScale|screenLayout|density|uiMode"
57-->src\main\AndroidManifest.xml:27:13-163
58            android:hardwareAccelerated="true"
58-->src\main\AndroidManifest.xml:28:13-47
59            android:launchMode="singleTop"
59-->src\main\AndroidManifest.xml:25:13-43
60            android:theme="@style/LaunchTheme"
60-->src\main\AndroidManifest.xml:26:13-47
61            android:windowSoftInputMode="adjustResize" >
61-->src\main\AndroidManifest.xml:29:13-55
62
63            <!--
64                 Specifies an Android theme to apply to this Activity as soon as
65                 the Android process has started. This theme is visible to the user
66                 while the Flutter UI initializes. After that, this theme continues
67                 to determine the Window background behind the Flutter UI.
68            -->
69            <meta-data
69-->src\main\AndroidManifest.xml:34:13-37:17
70                android:name="io.flutter.embedding.android.NormalTheme"
70-->src\main\AndroidManifest.xml:35:15-70
71                android:resource="@style/NormalTheme" />
71-->src\main\AndroidManifest.xml:36:15-52
72            <!--
73                 Displays an Android View that continues showing the launch screen
74                 Drawable until Flutter paints its first frame, then this splash
75                 screen fades out. A splash screen is useful to avoid any visual
76                 gap between the end of Android's launch screen and the painting of
77                 Flutter's first frame.
78            -->
79            <meta-data
79-->src\main\AndroidManifest.xml:43:13-46:17
80                android:name="io.flutter.embedding.android.SplashScreenDrawable"
80-->src\main\AndroidManifest.xml:44:15-79
81                android:resource="@drawable/launch_background" />
81-->src\main\AndroidManifest.xml:45:15-61
82
83            <intent-filter>
83-->src\main\AndroidManifest.xml:47:13-50:29
84                <action android:name="android.intent.action.MAIN" />
84-->src\main\AndroidManifest.xml:48:17-68
84-->src\main\AndroidManifest.xml:48:25-66
85
86                <category android:name="android.intent.category.LAUNCHER" />
86-->src\main\AndroidManifest.xml:49:17-76
86-->src\main\AndroidManifest.xml:49:27-74
87            </intent-filter>
88        </activity>
89
90        <provider
91            android:name="sk.fourq.otaupdate.OtaUpdateFileProvider"
92            android:authorities="eu.araulin.devinci.ota_update_provider"
93            android:exported="false"
94            android:grantUriPermissions="true" >
95            <meta-data
95-->[:flutter_email_sender] AndroidManifest.xml:13:13-15:61
96                android:name="android.support.FILE_PROVIDER_PATHS"
96-->[:flutter_email_sender] AndroidManifest.xml:14:17-67
97                android:resource="@xml/filepaths" />
97-->[:flutter_email_sender] AndroidManifest.xml:15:17-58
98        </provider>
99
100        <receiver android:name="com.dexterous.flutterlocalnotifications.ScheduledNotificationBootReceiver" >
100-->src\main\AndroidManifest.xml:56:9-61:20
100-->src\main\AndroidManifest.xml:56:19-107
101            <intent-filter>
101-->src\main\AndroidManifest.xml:57:13-60:29
102                <action android:name="android.intent.action.BOOT_COMPLETED" />
102-->src\main\AndroidManifest.xml:58:17-78
102-->src\main\AndroidManifest.xml:58:25-76
103                <action android:name="android.intent.action.MY_PACKAGE_REPLACED" />
103-->src\main\AndroidManifest.xml:59:17-83
103-->src\main\AndroidManifest.xml:59:25-81
104            </intent-filter>
105        </receiver>
106        <receiver android:name="com.dexterous.flutterlocalnotifications.ScheduledNotificationReceiver" />
106-->src\main\AndroidManifest.xml:62:9-106
106-->src\main\AndroidManifest.xml:62:19-103
107
108        <provider
109            android:name="androidx.core.content.FileProvider"
110            android:authorities="eu.araulin.devinci.fileProvider"
111            android:exported="false"
112            android:grantUriPermissions="true" >
113            <meta-data
113-->[:flutter_email_sender] AndroidManifest.xml:13:13-15:61
114                android:name="android.support.FILE_PROVIDER_PATHS"
114-->[:flutter_email_sender] AndroidManifest.xml:14:17-67
115                android:resource="@xml/filepaths" />
115-->[:flutter_email_sender] AndroidManifest.xml:15:17-58
116        </provider>
117        <!--
118             Don't delete the meta-data below.
119             This is used by the Flutter tool to generate GeneratedPluginRegistrant.java
120        -->
121        <meta-data
121-->src\main\AndroidManifest.xml:68:9-70:33
122            android:name="flutterEmbedding"
122-->src\main\AndroidManifest.xml:69:13-44
123            android:value="2" />
123-->src\main\AndroidManifest.xml:70:13-30
124
125        <provider
125-->[:flutter_email_sender] AndroidManifest.xml:8:9-16:20
126            android:name="com.sidlatau.flutteremailsender.FlutterEmailSenderFileProvider"
126-->[:flutter_email_sender] AndroidManifest.xml:9:13-90
127            android:authorities="eu.araulin.devinci.file_provider"
127-->[:flutter_email_sender] AndroidManifest.xml:10:13-65
128            android:exported="false"
128-->[:flutter_email_sender] AndroidManifest.xml:11:13-37
129            android:grantUriPermissions="true" >
129-->[:flutter_email_sender] AndroidManifest.xml:12:13-47
130            <meta-data
130-->[:flutter_email_sender] AndroidManifest.xml:13:13-15:61
131                android:name="android.support.FILE_PROVIDER_PATHS"
131-->[:flutter_email_sender] AndroidManifest.xml:14:17-67
132                android:resource="@xml/shared_file_paths" />
132-->[:flutter_email_sender] AndroidManifest.xml:15:17-58
133        </provider>
134        <provider
134-->[:share_extend] AndroidManifest.xml:8:9-13:20
135            android:name="com.zt.shareextend.ShareExtendProvider"
135-->[:share_extend] AndroidManifest.xml:9:13-66
136            android:authorities="eu.araulin.devinci.shareextend.fileprovider"
136-->[:share_extend] AndroidManifest.xml:10:13-76
137            android:exported="false"
137-->[:share_extend] AndroidManifest.xml:11:13-37
138            android:grantUriPermissions="true" >
138-->[:share_extend] AndroidManifest.xml:12:13-47
139        </provider>
140
141        <activity
141-->[:url_launcher] AndroidManifest.xml:8:9-11:74
142            android:name="io.flutter.plugins.urllauncher.WebViewActivity"
142-->[:url_launcher] AndroidManifest.xml:9:13-74
143            android:exported="false"
143-->[:url_launcher] AndroidManifest.xml:10:13-37
144            android:theme="@android:style/Theme.NoTitleBar.Fullscreen" />
144-->[:url_launcher] AndroidManifest.xml:11:13-71
145
146        <receiver android:name="com.transistorsoft.tsbackgroundfetch.FetchAlarmReceiver" />
146-->[com.transistorsoft:tsbackgroundfetch:0.4.5] AndroidManifest.xml:16:9-92
146-->[com.transistorsoft:tsbackgroundfetch:0.4.5] AndroidManifest.xml:16:19-89
147
148        <service
148-->[com.transistorsoft:tsbackgroundfetch:0.4.5] AndroidManifest.xml:18:9-21:72
149            android:name="com.transistorsoft.tsbackgroundfetch.FetchJobService"
149-->[com.transistorsoft:tsbackgroundfetch:0.4.5] AndroidManifest.xml:19:13-80
150            android:exported="true"
150-->[com.transistorsoft:tsbackgroundfetch:0.4.5] AndroidManifest.xml:20:13-36
151            android:permission="android.permission.BIND_JOB_SERVICE" />
151-->[com.transistorsoft:tsbackgroundfetch:0.4.5] AndroidManifest.xml:21:13-69
152
153        <receiver android:name="com.transistorsoft.tsbackgroundfetch.BootReceiver" >
153-->[com.transistorsoft:tsbackgroundfetch:0.4.5] AndroidManifest.xml:23:9-28:20
153-->[com.transistorsoft:tsbackgroundfetch:0.4.5] AndroidManifest.xml:23:19-83
154            <intent-filter>
154-->src\main\AndroidManifest.xml:57:13-60:29
155                <action android:name="android.intent.action.BOOT_COMPLETED" />
155-->src\main\AndroidManifest.xml:58:17-78
155-->src\main\AndroidManifest.xml:58:25-76
156                <action android:name="android.intent.action.MY_PACKAGE_REPLACED" />
156-->src\main\AndroidManifest.xml:59:17-83
156-->src\main\AndroidManifest.xml:59:25-81
157            </intent-filter>
158        </receiver>
159    </application>
160
161</manifest>